<?xml version="1.0" encoding="UTF-8"?>
<!-- Generated by org.testng.reporters.JUnitXMLReporter -->
<testsuite hostname="EC2AMAZ-J5GP1U8" ignored="0" name="Test" tests="1" failures="0" timestamp="2021-08-30T06:29:48 UTC" time="5.754" errors="0">
  <testcase name="@BeforeClass invokeBrowser" time="5.664" classname="task6.Paramterization">
    <failure type="org.openqa.selenium.SessionNotCreatedException" message="session not created: This version of MSEdgeDriver only supports MSEdge version 84
Build info: version: &amp;apos;3.141.59&amp;apos;, revision: &amp;apos;e82be7d358&amp;apos;, time: &amp;apos;2018-11-14T08:25:53&amp;apos;
System info: host: &amp;apos;EC2AMAZ-J5GP1U8&amp;apos;, ip: &amp;apos;172.31.199.230&amp;apos;, os.name: &amp;apos;Windows Server 2019&amp;apos;, os.arch: &amp;apos;amd64&amp;apos;, os.version: &amp;apos;10.0&amp;apos;, java.version: &amp;apos;1.8.0_241&amp;apos;
Driver info: driver.version: EdgeDriver
remote stacktrace: Backtrace:
	Ordinal0 [0x00007FF77564D052+4051026]
	Ordinal0 [0x00007FF775522389+2827145]
	Ordinal0 [0x00007FF77539A43C+1221692]
	Ordinal0 [0x00007FF7752F59A2+547234]
	Ordinal0 [0x00007FF7752F08E5+526565]
	Ordinal0 [0x00007FF7752EC159+508249]
	Ordinal0 [0x00007FF77531E84A+714826]
	Ordinal0 [0x00007FF77531BC5F+703583]
	Ordinal0 [0x00007FF7752F7F20+556832]
	Ordinal0 [0x00007FF7752F8CBE+560318]
	Ordinal0 [0x00007FF7755401F5+2949621]
	GetHandleVerifier [0x00007FF775790AAB+1182571]
	GetHandleVerifier [0x00007FF7757A5671+1267505]
	GetHandleVerifier [0x00007FF775791788+1185864]
	Ordinal0 [0x00007FF775533A1A+2898458]
	Ordinal0 [0x00007FF775542009+2957321]
	Ordinal0 [0x00007FF7755613E8+3085288]
	BaseThreadInitThunk [0x00007FFC0BF27974+20]
	RtlUserThreadStart [0x00007FFC0CFDA261+33]
">
      <![CDATA[org.openqa.selenium.SessionNotCreatedException: session not created: This version of MSEdgeDriver only supports MSEdge version 84
Build info: version: '3.141.59', revision: 'e82be7d358', time: '2018-11-14T08:25:53'
System info: host: 'EC2AMAZ-J5GP1U8', ip: '172.31.199.230', os.name: 'Windows Server 2019', os.arch: 'amd64', os.version: '10.0', java.version: '1.8.0_241'
Driver info: driver.version: EdgeDriver
remote stacktrace: Backtrace:
Ordinal0 [0x00007FF77564D052+4051026]
Ordinal0 [0x00007FF775522389+2827145]
Ordinal0 [0x00007FF77539A43C+1221692]
Ordinal0 [0x00007FF7752F59A2+547234]
Ordinal0 [0x00007FF7752F08E5+526565]
Ordinal0 [0x00007FF7752EC159+508249]
Ordinal0 [0x00007FF77531E84A+714826]
Ordinal0 [0x00007FF77531BC5F+703583]
Ordinal0 [0x00007FF7752F7F20+556832]
Ordinal0 [0x00007FF7752F8CBE+560318]
Ordinal0 [0x00007FF7755401F5+2949621]
GetHandleVerifier [0x00007FF775790AAB+1182571]
GetHandleVerifier [0x00007FF7757A5671+1267505]
GetHandleVerifier [0x00007FF775791788+1185864]
Ordinal0 [0x00007FF775533A1A+2898458]
Ordinal0 [0x00007FF775542009+2957321]
Ordinal0 [0x00007FF7755613E8+3085288]
BaseThreadInitThunk [0x00007FFC0BF27974+20]
RtlUserThreadStart [0x00007FFC0CFDA261+33]

at org.openqa.selenium.remote.W3CHandshakeResponse.lambda$errorHandler$0(W3CHandshakeResponse.java:62)
at org.openqa.selenium.remote.HandshakeResponse.lambda$getResponseFunction$0(HandshakeResponse.java:30)
at org.openqa.selenium.remote.ProtocolHandshake.lambda$createSession$0(ProtocolHandshake.java:126)
at java.util.stream.ReferencePipeline$3$1.accept(Unknown Source)
at java.util.Spliterators$ArraySpliterator.tryAdvance(Unknown Source)
at java.util.stream.ReferencePipeline.forEachWithCancel(Unknown Source)
at java.util.stream.AbstractPipeline.copyIntoWithCancel(Unknown Source)
at java.util.stream.AbstractPipeline.copyInto(Unknown Source)
at java.util.stream.AbstractPipeline.wrapAndCopyInto(Unknown Source)
at java.util.stream.FindOps$FindOp.evaluateSequential(Unknown Source)
at java.util.stream.AbstractPipeline.evaluate(Unknown Source)
at java.util.stream.ReferencePipeline.findFirst(Unknown Source)
at org.openqa.selenium.remote.ProtocolHandshake.createSession(ProtocolHandshake.java:128)
at org.openqa.selenium.remote.ProtocolHandshake.createSession(ProtocolHandshake.java:74)
at org.openqa.selenium.remote.HttpCommandExecutor.execute(HttpCommandExecutor.java:136)
at org.openqa.selenium.remote.service.DriverCommandExecutor.execute(DriverCommandExecutor.java:83)
at org.openqa.selenium.remote.RemoteWebDriver.execute(RemoteWebDriver.java:552)
at org.openqa.selenium.remote.RemoteWebDriver.startSession(RemoteWebDriver.java:213)
at org.openqa.selenium.remote.RemoteWebDriver.<init>(RemoteWebDriver.java:131)
at org.openqa.selenium.edge.EdgeDriver.<init>(EdgeDriver.java:141)
at org.openqa.selenium.edge.EdgeDriver.<init>(EdgeDriver.java:96)
at task6.Paramterization.invokeBrowser(Paramterization.java:22)
at java.util.ArrayList.forEach(Unknown Source)
... Removed 29 stack frames]]>
    </failure>
  </testcase> <!-- @BeforeClass invokeBrowser -->
  <testcase name="@AfterClass closeBrowser" time="-1.630304988202E9" classname="task6.Paramterization">
    <skipped/>
  </testcase> <!-- @AfterClass closeBrowser -->
  <testcase name="loginToApplication" time="0.0" classname="task6.Paramterization">
    <skipped/>
  </testcase> <!-- loginToApplication -->
</testsuite> <!-- Test -->
